"C:/Users/Richi/OneDrive/Documentos/Unreal Projects/Moviles/Content/DefaultGameInstance.uasset" 0
"C:/Users/Richi/OneDrive/Documentos/Unreal Projects/Moviles/Content/DefaultGameInstance.uexp" 1
"C:/Users/Richi/OneDrive/Documentos/Unreal Projects/Moviles/Content/LevelPrototyping/Textures/T_GridChecker_A.ubulk" 2
"C:/Users/Richi/OneDrive/Documentos/Unreal Projects/Moviles/Content/LevelPrototyping/Textures/T_GridChecker_A.uasset" 3
"C:/Users/Richi/OneDrive/Documentos/Unreal Projects/Moviles/Content/LevelPrototyping/Textures/T_GridChecker_A.uexp" 4
"../../../Engine/Content/Functions/Engine_MaterialFunctions02/Utility/MakeFloat3.uasset" 5
"../../../Engine/Content/Functions/Engine_MaterialFunctions02/Utility/MakeFloat3.uexp" 6
"../../../Engine/Content/Functions/Engine_MaterialFunctions01/Gradient/LinearGradient.uasset" 7
"../../../Engine/Content/Functions/Engine_MaterialFunctions01/Gradient/LinearGradient.uexp" 8
"../../../Engine/Content/Functions/Engine_MaterialFunctions01/ImageAdjustment/CheapContrast.uasset" 9
"../../../Engine/Content/Functions/Engine_MaterialFunctions01/ImageAdjustment/CheapContrast.uexp" 10
"../../../Engine/Content/Functions/Engine_MaterialFunctions02/Utility/BreakOutFloat3Components.uasset" 11
"../../../Engine/Content/Functions/Engine_MaterialFunctions02/Utility/BreakOutFloat3Components.uexp" 12
"C:/Users/Richi/OneDrive/Documentos/Unreal Projects/Moviles/Content/LevelPrototyping/Materials/MF_ProcGrid.uasset" 13
"C:/Users/Richi/OneDrive/Documentos/Unreal Projects/Moviles/Content/LevelPrototyping/Materials/MF_ProcGrid.uexp" 14
"C:/Users/Richi/OneDrive/Documentos/Unreal Projects/Moviles/Content/LevelPrototyping/Materials/M_PrototypeGrid.uasset" 15
"C:/Users/Richi/OneDrive/Documentos/Unreal Projects/Moviles/Content/LevelPrototyping/Materials/M_PrototypeGrid.uexp" 16
"C:/Users/Richi/OneDrive/Documentos/Unreal Projects/Moviles/Content/LevelPrototyping/Materials/MI_PrototypeGrid_Gray.uasset" 17
"C:/Users/Richi/OneDrive/Documentos/Unreal Projects/Moviles/Content/LevelPrototyping/Materials/MI_PrototypeGrid_Gray.uexp" 18
"C:/Users/Richi/OneDrive/Documentos/Unreal Projects/Moviles/Content/LevelPrototyping/Meshes/SM_Ramp.ubulk" 19
"C:/Users/Richi/OneDrive/Documentos/Unreal Projects/Moviles/Content/LevelPrototyping/Meshes/SM_Ramp.uasset" 20
"C:/Users/Richi/OneDrive/Documentos/Unreal Projects/Moviles/Content/LevelPrototyping/Meshes/SM_Ramp.uexp" 21
"C:/Users/Richi/OneDrive/Documentos/Unreal Projects/Moviles/Content/LevelPrototyping/Meshes/SM_QuarterCylinder.ubulk" 22
"C:/Users/Richi/OneDrive/Documentos/Unreal Projects/Moviles/Content/LevelPrototyping/Meshes/SM_QuarterCylinder.uasset" 23
"C:/Users/Richi/OneDrive/Documentos/Unreal Projects/Moviles/Content/LevelPrototyping/Meshes/SM_QuarterCylinder.uexp" 24
"C:/Users/Richi/OneDrive/Documentos/Unreal Projects/Moviles/Content/LevelPrototyping/Meshes/SM_Cylinder.ubulk" 25
"C:/Users/Richi/OneDrive/Documentos/Unreal Projects/Moviles/Content/LevelPrototyping/Meshes/SM_Cylinder.uasset" 26
"C:/Users/Richi/OneDrive/Documentos/Unreal Projects/Moviles/Content/LevelPrototyping/Meshes/SM_Cylinder.uexp" 27
"C:/Users/Richi/OneDrive/Documentos/Unreal Projects/Moviles/Content/LevelPrototyping/Meshes/SM_Cube.ubulk" 28
"C:/Users/Richi/OneDrive/Documentos/Unreal Projects/Moviles/Content/LevelPrototyping/Meshes/SM_Cube.uasset" 29
"C:/Users/Richi/OneDrive/Documentos/Unreal Projects/Moviles/Content/LevelPrototyping/Meshes/SM_Cube.uexp" 30
"C:/Users/Richi/OneDrive/Documentos/Unreal Projects/Moviles/Content/LevelPrototyping/Materials/MI_PrototypeGrid_TopDark.uasset" 31
"C:/Users/Richi/OneDrive/Documentos/Unreal Projects/Moviles/Content/LevelPrototyping/Materials/MI_PrototypeGrid_TopDark.uexp" 32
"C:/Users/Richi/OneDrive/Documentos/Unreal Projects/Moviles/Content/LevelPrototyping/Materials/MI_PrototypeGrid_Gray_02.uasset" 33
"C:/Users/Richi/OneDrive/Documentos/Unreal Projects/Moviles/Content/LevelPrototyping/Materials/MI_PrototypeGrid_Gray_02.uexp" 34
"C:/Users/Richi/OneDrive/Documentos/Unreal Projects/Moviles/Content/FPWeapon/Mesh/SK_FPGun_PhysicsAsset.uasset" 35
"C:/Users/Richi/OneDrive/Documentos/Unreal Projects/Moviles/Content/FPWeapon/Mesh/SK_FPGun_PhysicsAsset.uexp" 36
"C:/Users/Richi/OneDrive/Documentos/Unreal Projects/Moviles/Content/FPWeapon/Materials/MaterialLayers/T_ML_FineRubber.ubulk" 37
"C:/Users/Richi/OneDrive/Documentos/Unreal Projects/Moviles/Content/FPWeapon/Materials/MaterialLayers/T_ML_FineRubber.uasset" 38
"C:/Users/Richi/OneDrive/Documentos/Unreal Projects/Moviles/Content/FPWeapon/Materials/MaterialLayers/T_ML_FineRubber.uexp" 39
"C:/Users/Richi/OneDrive/Documentos/Unreal Projects/Moviles/Content/FPWeapon/Audio/FirstPersonTemplateWeaponFire02.ubulk" 40
"C:/Users/Richi/OneDrive/Documentos/Unreal Projects/Moviles/Content/FPWeapon/Audio/FirstPersonTemplateWeaponFire02.uasset" 41
"C:/Users/Richi/OneDrive/Documentos/Unreal Projects/Moviles/Content/FPWeapon/Audio/FirstPersonTemplateWeaponFire02.uexp" 42
"C:/Users/Richi/OneDrive/Documentos/Unreal Projects/Moviles/Content/FirstPerson/Maps/FirstPersonMap_BuiltData.ubulk" 43
"C:/Users/Richi/OneDrive/Documentos/Unreal Projects/Moviles/Content/FirstPerson/Maps/FirstPersonMap_BuiltData.uasset" 44
"C:/Users/Richi/OneDrive/Documentos/Unreal Projects/Moviles/Content/FirstPerson/Maps/FirstPersonMap_BuiltData.uexp" 45
"C:/Users/Richi/OneDrive/Documentos/Unreal Projects/Moviles/Content/LevelPrototyping/Materials/M_Solid.uasset" 46
"C:/Users/Richi/OneDrive/Documentos/Unreal Projects/Moviles/Content/LevelPrototyping/Materials/M_Solid.uexp" 47
"C:/Users/Richi/OneDrive/Documentos/Unreal Projects/Moviles/Content/LevelPrototyping/Materials/MI_Solid_Blue.uasset" 48
"C:/Users/Richi/OneDrive/Documentos/Unreal Projects/Moviles/Content/LevelPrototyping/Materials/MI_Solid_Blue.uexp" 49
"C:/Users/Richi/OneDrive/Documentos/Unreal Projects/Moviles/Content/LevelPrototyping/Meshes/SM_ChamferCube.ubulk" 50
"C:/Users/Richi/OneDrive/Documentos/Unreal Projects/Moviles/Content/LevelPrototyping/Meshes/SM_ChamferCube.uasset" 51
"C:/Users/Richi/OneDrive/Documentos/Unreal Projects/Moviles/Content/LevelPrototyping/Meshes/SM_ChamferCube.uexp" 52
"C:/Users/Richi/OneDrive/Documentos/Unreal Projects/Moviles/Content/FirstPerson/Blueprints/SM_ChamferCube_Blueprint.uasset" 53
"C:/Users/Richi/OneDrive/Documentos/Unreal Projects/Moviles/Content/FirstPerson/Blueprints/SM_ChamferCube_Blueprint.uexp" 54
"../../../Engine/Content/Animation/DefaultAnimCurveCompressionSettings.uasset" 55
"../../../Engine/Content/Animation/DefaultAnimCurveCompressionSettings.uexp" 56
"../../../Engine/Content/Animation/DefaultAnimBoneCompressionSettings.uasset" 57
"../../../Engine/Content/Animation/DefaultAnimBoneCompressionSettings.uexp" 58
"C:/Users/Richi/OneDrive/Documentos/Unreal Projects/Moviles/Content/FirstPersonArms/Character/Mesh/SK_Mannequin_Arms_Skeleton.uasset" 59
"C:/Users/Richi/OneDrive/Documentos/Unreal Projects/Moviles/Content/FirstPersonArms/Character/Mesh/SK_Mannequin_Arms_Skeleton.uexp" 60
"C:/Users/Richi/OneDrive/Documentos/Unreal Projects/Moviles/Content/FirstPersonArms/Animations/FirstPerson_Fire.uasset" 61
"C:/Users/Richi/OneDrive/Documentos/Unreal Projects/Moviles/Content/FirstPersonArms/Animations/FirstPerson_Fire.uexp" 62
"C:/Users/Richi/OneDrive/Documentos/Unreal Projects/Moviles/Content/FirstPersonArms/Animations/FirstPersonFire_Montage.uasset" 63
"C:/Users/Richi/OneDrive/Documentos/Unreal Projects/Moviles/Content/FirstPersonArms/Animations/FirstPersonFire_Montage.uexp" 64
"C:/Users/Richi/OneDrive/Documentos/Unreal Projects/Moviles/Content/FPWeapon/Mesh/SK_FPGun_Skeleton.uasset" 65
"C:/Users/Richi/OneDrive/Documentos/Unreal Projects/Moviles/Content/FPWeapon/Mesh/SK_FPGun_Skeleton.uexp" 66
"C:/Users/Richi/OneDrive/Documentos/Unreal Projects/Moviles/Content/FPWeapon/Materials/MaterialLayers/T_ML_Rubber_Blue_01_D.ubulk" 67
"C:/Users/Richi/OneDrive/Documentos/Unreal Projects/Moviles/Content/FPWeapon/Materials/MaterialLayers/T_ML_Rubber_Blue_01_D.uasset" 68
"C:/Users/Richi/OneDrive/Documentos/Unreal Projects/Moviles/Content/FPWeapon/Materials/MaterialLayers/T_ML_Rubber_Blue_01_D.uexp" 69
"C:/Users/Richi/OneDrive/Documentos/Unreal Projects/Moviles/Content/FPWeapon/Textures/T_FPGun_N.ubulk" 70
"C:/Users/Richi/OneDrive/Documentos/Unreal Projects/Moviles/Content/FPWeapon/Textures/T_FPGun_N.uasset" 71
"C:/Users/Richi/OneDrive/Documentos/Unreal Projects/Moviles/Content/FPWeapon/Textures/T_FPGun_N.uexp" 72
"../../../Engine/Content/Functions/Engine_MaterialFunctions02/Utility/BlendAngleCorrectedNormals.uasset" 73
"../../../Engine/Content/Functions/Engine_MaterialFunctions02/Utility/BlendAngleCorrectedNormals.uexp" 74
"../../../Engine/Content/Functions/MaterialLayerFunctions/MatLayerBlend_NormalBlend.uasset" 75
"../../../Engine/Content/Functions/MaterialLayerFunctions/MatLayerBlend_NormalBlend.uexp" 76
"C:/Users/Richi/OneDrive/Documentos/Unreal Projects/Moviles/Content/FPWeapon/Materials/MaterialLayers/T_ML_Rubber_Blue_01_N.ubulk" 77
"C:/Users/Richi/OneDrive/Documentos/Unreal Projects/Moviles/Content/FPWeapon/Materials/MaterialLayers/T_ML_Rubber_Blue_01_N.uasset" 78
"C:/Users/Richi/OneDrive/Documentos/Unreal Projects/Moviles/Content/FPWeapon/Materials/MaterialLayers/T_ML_Rubber_Blue_01_N.uexp" 79
"C:/Users/Richi/OneDrive/Documentos/Unreal Projects/Moviles/Content/FPWeapon/Materials/MaterialLayers/ML_Screen.uasset" 80
"C:/Users/Richi/OneDrive/Documentos/Unreal Projects/Moviles/Content/FPWeapon/Materials/MaterialLayers/ML_Screen.uexp" 81
"C:/Users/Richi/OneDrive/Documentos/Unreal Projects/Moviles/Content/FPWeapon/Materials/MaterialLayers/T_ML_Aluminum01_N.ubulk" 82
"C:/Users/Richi/OneDrive/Documentos/Unreal Projects/Moviles/Content/FPWeapon/Materials/MaterialLayers/T_ML_Aluminum01_N.uasset" 83
"C:/Users/Richi/OneDrive/Documentos/Unreal Projects/Moviles/Content/FPWeapon/Materials/MaterialLayers/T_ML_Aluminum01_N.uexp" 84
"C:/Users/Richi/OneDrive/Documentos/Unreal Projects/Moviles/Content/FPWeapon/Materials/MaterialLayers/T_ML_Aluminum01.ubulk" 85
"C:/Users/Richi/OneDrive/Documentos/Unreal Projects/Moviles/Content/FPWeapon/Materials/MaterialLayers/T_ML_Aluminum01.uasset" 86
"C:/Users/Richi/OneDrive/Documentos/Unreal Projects/Moviles/Content/FPWeapon/Materials/MaterialLayers/T_ML_Aluminum01.uexp" 87
"C:/Users/Richi/OneDrive/Documentos/Unreal Projects/Moviles/Content/FPWeapon/Materials/MaterialLayers/ML_SoftMetal_UE4.uasset" 88
"C:/Users/Richi/OneDrive/Documentos/Unreal Projects/Moviles/Content/FPWeapon/Materials/MaterialLayers/ML_SoftMetal_UE4.uexp" 89
"../../../Engine/Content/Functions/MaterialLayerFunctions/MatLayerBlend_Simple.uasset" 90
"../../../Engine/Content/Functions/MaterialLayerFunctions/MatLayerBlend_Simple.uexp" 91
"C:/Users/Richi/OneDrive/Documentos/Unreal Projects/Moviles/Content/FPWeapon/Textures/T_FPGun_M.ubulk" 92
"C:/Users/Richi/OneDrive/Documentos/Unreal Projects/Moviles/Content/FPWeapon/Textures/T_FPGun_M.uasset" 93
"C:/Users/Richi/OneDrive/Documentos/Unreal Projects/Moviles/Content/FPWeapon/Textures/T_FPGun_M.uexp" 94
"C:/Users/Richi/OneDrive/Documentos/Unreal Projects/Moviles/Content/FPWeapon/Materials/MaterialLayers/ML_Plastic_Shiny_Beige.uasset" 95
"C:/Users/Richi/OneDrive/Documentos/Unreal Projects/Moviles/Content/FPWeapon/Materials/MaterialLayers/ML_Plastic_Shiny_Beige.uexp" 96
"C:/Users/Richi/OneDrive/Documentos/Unreal Projects/Moviles/Content/FPWeapon/Materials/MaterialLayers/ML_GlossyBlack_Latex_UE4.uasset" 97
"C:/Users/Richi/OneDrive/Documentos/Unreal Projects/Moviles/Content/FPWeapon/Materials/MaterialLayers/ML_GlossyBlack_Latex_UE4.uexp" 98
"C:/Users/Richi/OneDrive/Documentos/Unreal Projects/Moviles/Content/FPWeapon/Materials/M_FPGun.uasset" 99
"C:/Users/Richi/OneDrive/Documentos/Unreal Projects/Moviles/Content/FPWeapon/Materials/M_FPGun.uexp" 100
"C:/Users/Richi/OneDrive/Documentos/Unreal Projects/Moviles/Content/FPWeapon/Mesh/SK_FPGun_Physics.uasset" 101
"C:/Users/Richi/OneDrive/Documentos/Unreal Projects/Moviles/Content/FPWeapon/Mesh/SK_FPGun_Physics.uexp" 102
"C:/Users/Richi/OneDrive/Documentos/Unreal Projects/Moviles/Content/FPWeapon/Mesh/SK_FPGun.uasset" 103
"C:/Users/Richi/OneDrive/Documentos/Unreal Projects/Moviles/Content/FPWeapon/Mesh/SK_FPGun.uexp" 104
"C:/Users/Richi/OneDrive/Documentos/Unreal Projects/Moviles/Content/FPWeapon/Materials/BaseMaterial.uasset" 105
"C:/Users/Richi/OneDrive/Documentos/Unreal Projects/Moviles/Content/FPWeapon/Materials/BaseMaterial.uexp" 106
"C:/Users/Richi/OneDrive/Documentos/Unreal Projects/Moviles/Content/FPWeapon/Materials/FirstPersonProjectileMaterial.uasset" 107
"C:/Users/Richi/OneDrive/Documentos/Unreal Projects/Moviles/Content/FPWeapon/Materials/FirstPersonProjectileMaterial.uexp" 108
"C:/Users/Richi/OneDrive/Documentos/Unreal Projects/Moviles/Content/FPWeapon/Mesh/FirstPersonProjectileMesh.ubulk" 109
"C:/Users/Richi/OneDrive/Documentos/Unreal Projects/Moviles/Content/FPWeapon/Mesh/FirstPersonProjectileMesh.uasset" 110
"C:/Users/Richi/OneDrive/Documentos/Unreal Projects/Moviles/Content/FPWeapon/Mesh/FirstPersonProjectileMesh.uexp" 111
"../../../Engine/Content/EditorBlueprintResources/StandardMacros.uasset" 112
"../../../Engine/Content/EditorBlueprintResources/StandardMacros.uexp" 113
"../../../Engine/Content/EditorBlueprintResources/ActorMacros.uasset" 114
"../../../Engine/Content/EditorBlueprintResources/ActorMacros.uexp" 115
"C:/Users/Richi/OneDrive/Documentos/Unreal Projects/Moviles/Content/FirstPersonArms/Character/Materials/MaterialLayers/T_ML_Rubber_Blue_01_N.ubulk" 116
"C:/Users/Richi/OneDrive/Documentos/Unreal Projects/Moviles/Content/FirstPersonArms/Character/Materials/MaterialLayers/T_ML_Rubber_Blue_01_N.uasset" 117
"C:/Users/Richi/OneDrive/Documentos/Unreal Projects/Moviles/Content/FirstPersonArms/Character/Materials/MaterialLayers/T_ML_Rubber_Blue_01_N.uexp" 118
"C:/Users/Richi/OneDrive/Documentos/Unreal Projects/Moviles/Content/FirstPersonArms/Character/Materials/MaterialLayers/T_ML_Rubber_Blue_01_D.ubulk" 119
"C:/Users/Richi/OneDrive/Documentos/Unreal Projects/Moviles/Content/FirstPersonArms/Character/Materials/MaterialLayers/T_ML_Rubber_Blue_01_D.uasset" 120
"C:/Users/Richi/OneDrive/Documentos/Unreal Projects/Moviles/Content/FirstPersonArms/Character/Materials/MaterialLayers/T_ML_Rubber_Blue_01_D.uexp" 121
"C:/Users/Richi/OneDrive/Documentos/Unreal Projects/Moviles/Content/FirstPersonArms/Character/Materials/MaterialLayers/ML_GlossyBlack_Latex_UE4.uasset" 122
"C:/Users/Richi/OneDrive/Documentos/Unreal Projects/Moviles/Content/FirstPersonArms/Character/Materials/MaterialLayers/ML_GlossyBlack_Latex_UE4.uexp" 123
"C:/Users/Richi/OneDrive/Documentos/Unreal Projects/Moviles/Content/FirstPersonArms/Character/Textures/UE4_Mannequin_MAT_MASKA.ubulk" 124
"C:/Users/Richi/OneDrive/Documentos/Unreal Projects/Moviles/Content/FirstPersonArms/Character/Textures/UE4_Mannequin_MAT_MASKA.uasset" 125
"C:/Users/Richi/OneDrive/Documentos/Unreal Projects/Moviles/Content/FirstPersonArms/Character/Textures/UE4_Mannequin_MAT_MASKA.uexp" 126
"C:/Users/Richi/OneDrive/Documentos/Unreal Projects/Moviles/Content/FirstPersonArms/Character/Textures/UE4_LOGO_CARD.ubulk" 127
"C:/Users/Richi/OneDrive/Documentos/Unreal Projects/Moviles/Content/FirstPersonArms/Character/Textures/UE4_LOGO_CARD.uasset" 128
"C:/Users/Richi/OneDrive/Documentos/Unreal Projects/Moviles/Content/FirstPersonArms/Character/Textures/UE4_LOGO_CARD.uexp" 129
"C:/Users/Richi/OneDrive/Documentos/Unreal Projects/Moviles/Content/FirstPersonArms/Character/Materials/MaterialLayers/ML_Plastic_Shiny_Beige_LOGO.uasset" 130
"C:/Users/Richi/OneDrive/Documentos/Unreal Projects/Moviles/Content/FirstPersonArms/Character/Materials/MaterialLayers/ML_Plastic_Shiny_Beige_LOGO.uexp" 131
"C:/Users/Richi/OneDrive/Documentos/Unreal Projects/Moviles/Content/FirstPersonArms/Character/Materials/MaterialLayers/T_ML_Aluminum01.ubulk" 132
"C:/Users/Richi/OneDrive/Documentos/Unreal Projects/Moviles/Content/FirstPersonArms/Character/Materials/MaterialLayers/T_ML_Aluminum01.uasset" 133
"C:/Users/Richi/OneDrive/Documentos/Unreal Projects/Moviles/Content/FirstPersonArms/Character/Materials/MaterialLayers/T_ML_Aluminum01.uexp" 134
"C:/Users/Richi/OneDrive/Documentos/Unreal Projects/Moviles/Content/FirstPersonArms/Character/Materials/MaterialLayers/T_ML_Aluminum01_N.ubulk" 135
"C:/Users/Richi/OneDrive/Documentos/Unreal Projects/Moviles/Content/FirstPersonArms/Character/Materials/MaterialLayers/T_ML_Aluminum01_N.uasset" 136
"C:/Users/Richi/OneDrive/Documentos/Unreal Projects/Moviles/Content/FirstPersonArms/Character/Materials/MaterialLayers/T_ML_Aluminum01_N.uexp" 137
"C:/Users/Richi/OneDrive/Documentos/Unreal Projects/Moviles/Content/FirstPersonArms/Character/Materials/MaterialLayers/ML_SoftMetal_UE4.uasset" 138
"C:/Users/Richi/OneDrive/Documentos/Unreal Projects/Moviles/Content/FirstPersonArms/Character/Materials/MaterialLayers/ML_SoftMetal_UE4.uexp" 139
"C:/Users/Richi/OneDrive/Documentos/Unreal Projects/Moviles/Content/FirstPersonArms/Character/Materials/MaterialLayers/ML_Plastic_Shiny_Beige.uasset" 140
"C:/Users/Richi/OneDrive/Documentos/Unreal Projects/Moviles/Content/FirstPersonArms/Character/Materials/MaterialLayers/ML_Plastic_Shiny_Beige.uexp" 141
"C:/Users/Richi/OneDrive/Documentos/Unreal Projects/Moviles/Content/FirstPersonArms/Character/Textures/UE4_Mannequin__normals.ubulk" 142
"C:/Users/Richi/OneDrive/Documentos/Unreal Projects/Moviles/Content/FirstPersonArms/Character/Textures/UE4_Mannequin__normals.uasset" 143
"C:/Users/Richi/OneDrive/Documentos/Unreal Projects/Moviles/Content/FirstPersonArms/Character/Textures/UE4_Mannequin__normals.uexp" 144
"C:/Users/Richi/OneDrive/Documentos/Unreal Projects/Moviles/Content/FirstPersonArms/Character/Materials/M_UE4Man_Body.uasset" 145
"C:/Users/Richi/OneDrive/Documentos/Unreal Projects/Moviles/Content/FirstPersonArms/Character/Materials/M_UE4Man_Body.uexp" 146
"C:/Users/Richi/OneDrive/Documentos/Unreal Projects/Moviles/Content/FirstPersonArms/Character/Mesh/SK_Mannequin_Arms_PhysicsAsset.uasset" 147
"C:/Users/Richi/OneDrive/Documentos/Unreal Projects/Moviles/Content/FirstPersonArms/Character/Mesh/SK_Mannequin_Arms_PhysicsAsset.uexp" 148
"C:/Users/Richi/OneDrive/Documentos/Unreal Projects/Moviles/Content/FirstPersonArms/Character/Mesh/SK_Mannequin_Arms.uasset" 149
"C:/Users/Richi/OneDrive/Documentos/Unreal Projects/Moviles/Content/FirstPersonArms/Character/Mesh/SK_Mannequin_Arms.uexp" 150
"C:/Users/Richi/OneDrive/Documentos/Unreal Projects/Moviles/Content/FirstPersonArms/Animations/FirstPerson_JumpLoop.uasset" 151
"C:/Users/Richi/OneDrive/Documentos/Unreal Projects/Moviles/Content/FirstPersonArms/Animations/FirstPerson_JumpLoop.uexp" 152
"C:/Users/Richi/OneDrive/Documentos/Unreal Projects/Moviles/Content/FirstPersonArms/Animations/FirstPerson_Run.uasset" 153
"C:/Users/Richi/OneDrive/Documentos/Unreal Projects/Moviles/Content/FirstPersonArms/Animations/FirstPerson_Run.uexp" 154
"C:/Users/Richi/OneDrive/Documentos/Unreal Projects/Moviles/Content/FirstPersonArms/Animations/FirstPerson_JumpEnd.uasset" 155
"C:/Users/Richi/OneDrive/Documentos/Unreal Projects/Moviles/Content/FirstPersonArms/Animations/FirstPerson_JumpEnd.uexp" 156
"C:/Users/Richi/OneDrive/Documentos/Unreal Projects/Moviles/Content/FirstPersonArms/Animations/FirstPerson_Idle.uasset" 157
"C:/Users/Richi/OneDrive/Documentos/Unreal Projects/Moviles/Content/FirstPersonArms/Animations/FirstPerson_Idle.uexp" 158
"C:/Users/Richi/OneDrive/Documentos/Unreal Projects/Moviles/Content/FirstPersonArms/Animations/FirstPerson_JumpStart.uasset" 159
"C:/Users/Richi/OneDrive/Documentos/Unreal Projects/Moviles/Content/FirstPersonArms/Animations/FirstPerson_JumpStart.uexp" 160
"C:/Users/Richi/OneDrive/Documentos/Unreal Projects/Moviles/Content/FirstPersonArms/Animations/FirstPerson_AnimBP.uasset" 161
"C:/Users/Richi/OneDrive/Documentos/Unreal Projects/Moviles/Content/FirstPersonArms/Animations/FirstPerson_AnimBP.uexp" 162
"C:/Users/Richi/OneDrive/Documentos/Unreal Projects/Moviles/Content/FirstPerson/Blueprints/BP_FirstPersonCharacter.uasset" 163
"C:/Users/Richi/OneDrive/Documentos/Unreal Projects/Moviles/Content/FirstPerson/Blueprints/BP_FirstPersonCharacter.uexp" 164
"C:/Users/Richi/OneDrive/Documentos/Unreal Projects/Moviles/Content/FirstPerson/Blueprints/BP_FirstPersonProjectile.uasset" 165
"C:/Users/Richi/OneDrive/Documentos/Unreal Projects/Moviles/Content/FirstPerson/Blueprints/BP_FirstPersonProjectile.uexp" 166
"C:/Users/Richi/OneDrive/Documentos/Unreal Projects/Moviles/Content/FirstPerson/Blueprints/BP_Rifle.uasset" 167
"C:/Users/Richi/OneDrive/Documentos/Unreal Projects/Moviles/Content/FirstPerson/Blueprints/BP_Rifle.uexp" 168
"C:/Users/Richi/OneDrive/Documentos/Unreal Projects/Moviles/Content/FirstPerson/Blueprints/BP_FirstPersonController.uasset" 169
"C:/Users/Richi/OneDrive/Documentos/Unreal Projects/Moviles/Content/FirstPerson/Blueprints/BP_FirstPersonController.uexp" 170
"../../../Engine/Content/EngineMaterials/T_Default_Material_Grid_M.ubulk" 171
"../../../Engine/Content/EngineMaterials/T_Default_Material_Grid_M.uasset" 172
"../../../Engine/Content/EngineMaterials/T_Default_Material_Grid_M.uexp" 173
"../../../Engine/Content/EngineMaterials/T_Default_Material_Grid_N.ubulk" 174
"../../../Engine/Content/EngineMaterials/T_Default_Material_Grid_N.uasset" 175
"../../../Engine/Content/EngineMaterials/T_Default_Material_Grid_N.uexp" 176
"../../../Engine/Content/Functions/Engine_MaterialFunctions01/Opacity/CameraDepthFade.uasset" 177
"../../../Engine/Content/Functions/Engine_MaterialFunctions01/Opacity/CameraDepthFade.uexp" 178
"../../../Engine/Content/EngineMaterials/WorldGridMaterial.uasset" 179
"../../../Engine/Content/EngineMaterials/WorldGridMaterial.uexp" 180
"../../../Engine/Content/ArtTools/RenderToTexture/Meshes/S_1_Unit_Plane.ubulk" 181
"../../../Engine/Content/ArtTools/RenderToTexture/Meshes/S_1_Unit_Plane.uasset" 182
"../../../Engine/Content/ArtTools/RenderToTexture/Meshes/S_1_Unit_Plane.uexp" 183
"../../../Engine/Content/EngineMaterials/DefaultMaterial.uasset" 184
"../../../Engine/Content/EngineMaterials/DefaultMaterial.uexp" 185
"../../../Engine/Content/BasicShapes/Sphere.ubulk" 186
"../../../Engine/Content/BasicShapes/Sphere.uasset" 187
"../../../Engine/Content/BasicShapes/Sphere.uexp" 188
"../../../Engine/Content/BasicShapes/Plane.ubulk" 189
"../../../Engine/Content/BasicShapes/Plane.uasset" 190
"../../../Engine/Content/BasicShapes/Plane.uexp" 191
"../../../Engine/Content/BasicShapes/Cylinder.ubulk" 192
"../../../Engine/Content/BasicShapes/Cylinder.uasset" 193
"../../../Engine/Content/BasicShapes/Cylinder.uexp" 194
"../../../Engine/Content/BasicShapes/Cube.ubulk" 195
"../../../Engine/Content/BasicShapes/Cube.uasset" 196
"../../../Engine/Content/BasicShapes/Cube.uexp" 197
"../../../Engine/Content/BasicShapes/Cone.ubulk" 198
"../../../Engine/Content/BasicShapes/Cone.uasset" 199
"../../../Engine/Content/BasicShapes/Cone.uexp" 200
"../../../Engine/Content/EditorLandscapeResources/DefaultAlphaTexture.uasset" 201
"../../../Engine/Content/EditorLandscapeResources/DefaultAlphaTexture.uexp" 202
"../../../Engine/Content/EditorLandscapeResources/DataLayer.uasset" 203
"../../../Engine/Content/EditorLandscapeResources/DataLayer.uexp" 204
"../../../Engine/Content/EditorMaterials/PreviewShadowIndicator.ubulk" 205
"../../../Engine/Content/EditorMaterials/PreviewShadowIndicator.uasset" 206
"../../../Engine/Content/EditorMaterials/PreviewShadowIndicator.uexp" 207
"../../../Engine/Content/EditorMaterials/PreviewShadowIndicatorMaterial.uasset" 208
"../../../Engine/Content/EditorMaterials/PreviewShadowIndicatorMaterial.uexp" 209
"../../../Engine/Content/EditorMaterials/MAT_Groups_Visibility.uasset" 210
"../../../Engine/Content/EditorMaterials/MAT_Groups_Visibility.uexp" 211
"../../../Engine/Content/EditorMaterials/MAT_Groups_Toggle.uasset" 212
"../../../Engine/Content/EditorMaterials/MAT_Groups_Toggle.uexp" 213
"../../../Engine/Content/EditorMaterials/MatineeGroups/MAT_Groups_Vector.uasset" 214
"../../../Engine/Content/EditorMaterials/MatineeGroups/MAT_Groups_Vector.uexp" 215
"../../../Engine/Content/EditorMaterials/MatineeGroups/MAT_Groups_Sound.uasset" 216
"../../../Engine/Content/EditorMaterials/MatineeGroups/MAT_Groups_Sound.uexp" 217
"../../../Engine/Content/EditorMaterials/MatineeGroups/MAT_Groups_Slomo.uasset" 218
"../../../Engine/Content/EditorMaterials/MatineeGroups/MAT_Groups_Slomo.uexp" 219
"../../../Engine/Content/EditorMaterials/MatineeGroups/MAT_Groups_Move.uasset" 220
"../../../Engine/Content/EditorMaterials/MatineeGroups/MAT_Groups_Move.uexp" 221
"../../../Engine/Content/EditorMaterials/MatineeGroups/MAT_Groups_Float.uasset" 222
"../../../Engine/Content/EditorMaterials/MatineeGroups/MAT_Groups_Float.uexp" 223
"../../../Engine/Content/EditorMaterials/MatineeGroups/MAT_Groups_Fade.uasset" 224
"../../../Engine/Content/EditorMaterials/MatineeGroups/MAT_Groups_Fade.uexp" 225
"../../../Engine/Content/EditorMaterials/MatineeGroups/MAT_Groups_Event.uasset" 226
"../../../Engine/Content/EditorMaterials/MatineeGroups/MAT_Groups_Event.uexp" 227
"../../../Engine/Content/EditorMaterials/ParticleSystems/PSysThumbnail_OOD.ubulk" 228
"../../../Engine/Content/EditorMaterials/ParticleSystems/PSysThumbnail_OOD.uasset" 229
"../../../Engine/Content/EditorMaterials/ParticleSystems/PSysThumbnail_OOD.uexp" 230
"../../../Engine/Content/EditorMaterials/ParticleSystems/PSysThumbnail_NoImage.ubulk" 231
"../../../Engine/Content/EditorMaterials/ParticleSystems/PSysThumbnail_NoImage.uasset" 232
"../../../Engine/Content/EditorMaterials/ParticleSystems/PSysThumbnail_NoImage.uexp" 233
"../../../Engine/Content/EditorMaterials/MatineeGroups/MAT_Groups_Director.uasset" 234
"../../../Engine/Content/EditorMaterials/MatineeGroups/MAT_Groups_Director.uexp" 235
"../../../Engine/Content/EditorMaterials/MatineeGroups/MAT_Groups_AudioMaster.uasset" 236
"../../../Engine/Content/EditorMaterials/MatineeGroups/MAT_Groups_AudioMaster.uexp" 237
"../../../Engine/Content/EditorMaterials/MatineeGroups/MAT_Groups_Anim.uasset" 238
"../../../Engine/Content/EditorMaterials/MatineeGroups/MAT_Groups_Anim.uexp" 239
"../../../Engine/Content/EditorMaterials/MatineeGroups/MAT_ColorTrack.uasset" 240
"../../../Engine/Content/EditorMaterials/MatineeGroups/MAT_ColorTrack.uexp" 241
"../../../Engine/Content/Functions/Engine_MaterialFunctions02/Utility/MakeFloat4.uasset" 242
"../../../Engine/Content/Functions/Engine_MaterialFunctions02/Utility/MakeFloat4.uexp" 243
"../../../Engine/Content/EditorMaterials/WorldPartition/WorldPartitionSpatialHashGridPreviewMaterial.uasset" 244
"../../../Engine/Content/EditorMaterials/WorldPartition/WorldPartitionSpatialHashGridPreviewMaterial.uexp" 245
"../../../Engine/Content/EditorMaterials/Camera/CineMat.uasset" 246
"../../../Engine/Content/EditorMaterials/Camera/CineMat.uexp" 247
"../../../Engine/Content/EditorMaterials/Camera/MI_CineMat_Rig.uasset" 248
"../../../Engine/Content/EditorMaterials/Camera/MI_CineMat_Rig.uexp" 249
"../../../Engine/Content/EditorMeshes/Camera/SM_RailRig_Track.ubulk" 250
"../../../Engine/Content/EditorMeshes/Camera/SM_RailRig_Track.uasset" 251
"../../../Engine/Content/EditorMeshes/Camera/SM_RailRig_Track.uexp" 252
"../../../Engine/Content/EditorMeshes/Camera/SM_RailRig_Mount.ubulk" 253
"../../../Engine/Content/EditorMeshes/Camera/SM_RailRig_Mount.uasset" 254
"../../../Engine/Content/EditorMeshes/Camera/SM_RailRig_Mount.uexp" 255
"../../../Engine/Content/EditorMeshes/Camera/SM_CraneRig_Mount.ubulk" 256
"../../../Engine/Content/EditorMeshes/Camera/SM_CraneRig_Mount.uasset" 257
"../../../Engine/Content/EditorMeshes/Camera/SM_CraneRig_Mount.uexp" 258
"../../../Engine/Content/EditorMeshes/Camera/SM_CraneRig_Body.ubulk" 259
"../../../Engine/Content/EditorMeshes/Camera/SM_CraneRig_Body.uasset" 260
"../../../Engine/Content/EditorMeshes/Camera/SM_CraneRig_Body.uexp" 261
"../../../Engine/Content/EditorMeshes/Camera/SM_CraneRig_Base.ubulk" 262
"../../../Engine/Content/EditorMeshes/Camera/SM_CraneRig_Base.uasset" 263
"../../../Engine/Content/EditorMeshes/Camera/SM_CraneRig_Base.uexp" 264
"../../../Engine/Content/EditorMeshes/Camera/SM_CraneRig_Arm.ubulk" 265
"../../../Engine/Content/EditorMeshes/Camera/SM_CraneRig_Arm.uasset" 266
"../../../Engine/Content/EditorMeshes/Camera/SM_CraneRig_Arm.uexp" 267
"../../../Engine/Content/EditorResources/S_TriggerSphere.uasset" 268
"../../../Engine/Content/EditorResources/S_TriggerSphere.uexp" 269
"../../../Engine/Content/EditorResources/S_TriggerCapsule.uasset" 270
"../../../Engine/Content/EditorResources/S_TriggerCapsule.uexp" 271
"../../../Engine/Content/EditorResources/S_TriggerBox.uasset" 272
"../../../Engine/Content/EditorResources/S_TriggerBox.uexp" 273
"../../../Engine/Content/EditorResources/S_Trigger.ubulk" 274
"../../../Engine/Content/EditorResources/S_Trigger.uasset" 275
"../../../Engine/Content/EditorResources/S_Trigger.uexp" 276
"../../../Engine/Content/EditorResources/S_Terrain.ubulk" 277
"../../../Engine/Content/EditorResources/S_Terrain.uasset" 278
"../../../Engine/Content/EditorResources/S_Terrain.uexp" 279
"../../../Engine/Content/EditorResources/S_Solver.ubulk" 280
"../../../Engine/Content/EditorResources/S_Solver.uasset" 281
"../../../Engine/Content/EditorResources/S_Solver.uexp" 282
"../../../Engine/Content/EditorResources/S_BoxReflectionCapture.uasset" 283
"../../../Engine/Content/EditorResources/S_BoxReflectionCapture.uexp" 284
"../../../Engine/Content/EditorResources/S_Actor.ubulk" 285
"../../../Engine/Content/EditorResources/S_Actor.uasset" 286
"../../../Engine/Content/EditorResources/S_Actor.uexp" 287
"../../../Engine/Content/EditorResources/EmptyActor.uasset" 288
"../../../Engine/Content/EditorResources/EmptyActor.uexp" 289
"../../../Engine/Content/EditorResources/BSPVertex.uasset" 290
"../../../Engine/Content/EditorResources/BSPVertex.uexp" 291
"../../../Engine/Content/EditorResources/LightIcons/S_LightError.uasset" 292
"../../../Engine/Content/EditorResources/LightIcons/S_LightError.uexp" 293
"../../../Engine/Content/EditorResources/SequenceRecorder/RecordingIndicator.uasset" 294
"../../../Engine/Content/EditorResources/SequenceRecorder/RecordingIndicator.uexp" 295
"../../../Engine/Content/EditorResources/SequenceRecorder/Countdown.uasset" 296
"../../../Engine/Content/EditorResources/SequenceRecorder/Countdown.uexp" 297
"../../../Engine/Content/EngineDamageTypes/DmgTypeBP_Environmental.uasset" 298
"../../../Engine/Content/EngineDamageTypes/DmgTypeBP_Environmental.uexp" 299
"../../../Engine/Content/Functions/Engine_MaterialFunctions02/Utility/CameraDirectionVector.uasset" 300
"../../../Engine/Content/Functions/Engine_MaterialFunctions02/Utility/CameraDirectionVector.uexp" 301
"../../../Engine/Content/EngineDebugMaterials/VolumeToRender.uasset" 302
"../../../Engine/Content/EngineDebugMaterials/VolumeToRender.uexp" 303
"../../../Engine/Content/EngineDebugMaterials/M_VolumeRenderSphereTracePP.uasset" 304
"../../../Engine/Content/EngineDebugMaterials/M_VolumeRenderSphereTracePP.uexp" 305
"../../../Engine/Content/EngineDebugMaterials/M_SimpleUnlitTranslucent.uasset" 306
"../../../Engine/Content/EngineDebugMaterials/M_SimpleUnlitTranslucent.uexp" 307
"../../../Engine/Content/EngineDebugMaterials/DebugMeshMaterial.uasset" 308
"../../../Engine/Content/EngineDebugMaterials/DebugMeshMaterial.uexp" 309
"../../../Engine/Content/EngineDebugMaterials/DebugEditorMaterial.uasset" 310
"../../../Engine/Content/EngineDebugMaterials/DebugEditorMaterial.uexp" 311
"../../../Engine/Content/EngineFonts/Faces/RobotoLight.uexp" 312
"../../../Engine/Content/EngineFonts/Faces/RobotoLight.uasset" 313
"../../../Engine/Content/EngineFonts/Faces/RobotoLight.ufont" 314
"../../../Engine/Content/EngineFonts/Faces/RobotoBold.uexp" 315
"../../../Engine/Content/EngineFonts/Faces/RobotoBold.uasset" 316
"../../../Engine/Content/EngineFonts/Faces/RobotoBold.ufont" 317
"../../../Engine/Content/EngineFonts/Faces/RobotoRegular.uexp" 318
"../../../Engine/Content/EngineFonts/Faces/RobotoRegular.uasset" 319
"../../../Engine/Content/EngineFonts/Faces/RobotoRegular.ufont" 320
"../../../Engine/Content/EngineFonts/Faces/DroidSansFallback.uexp" 321
"../../../Engine/Content/EngineFonts/Faces/DroidSansFallback.uasset" 322
"../../../Engine/Content/EngineFonts/Faces/DroidSansFallback.ufont" 323
"../../../Engine/Content/EngineFonts/Faces/RobotoItalic.uexp" 324
"../../../Engine/Content/EngineFonts/Faces/RobotoItalic.uasset" 325
"../../../Engine/Content/EngineFonts/Faces/RobotoItalic.ufont" 326
"../../../Engine/Content/EngineFonts/Faces/RobotoBoldItalic.uexp" 327
"../../../Engine/Content/EngineFonts/Faces/RobotoBoldItalic.uasset" 328
"../../../Engine/Content/EngineFonts/Faces/RobotoBoldItalic.ufont" 329
"../../../Engine/Content/EngineFonts/Roboto.uasset" 330
"../../../Engine/Content/EngineFonts/Roboto.uexp" 331
"../../../Engine/Content/EngineResources/WhiteSquareTexture.uasset" 332
"../../../Engine/Content/EngineResources/WhiteSquareTexture.uexp" 333
"../../../Engine/Content/EngineMaterials/Widget3DPassThrough.uasset" 334
"../../../Engine/Content/EngineMaterials/Widget3DPassThrough.uexp" 335
"../../../Engine/Content/EngineMaterials/Widget3DPassThrough_Translucent.uasset" 336
"../../../Engine/Content/EngineMaterials/Widget3DPassThrough_Translucent.uexp" 337
"../../../Engine/Content/EngineMaterials/Widget3DPassThrough_Translucent_OneSided.uasset" 338
"../../../Engine/Content/EngineMaterials/Widget3DPassThrough_Translucent_OneSided.uexp" 339
"../../../Engine/Content/EngineMaterials/Widget3DPassThrough_Opaque.uasset" 340
"../../../Engine/Content/EngineMaterials/Widget3DPassThrough_Opaque.uexp" 341
"../../../Engine/Content/EngineMaterials/Widget3DPassThrough_Opaque_OneSided.uasset" 342
"../../../Engine/Content/EngineMaterials/Widget3DPassThrough_Opaque_OneSided.uexp" 343
"../../../Engine/Content/EngineMaterials/Widget3DPassThrough_Masked_OneSided.uasset" 344
"../../../Engine/Content/EngineMaterials/Widget3DPassThrough_Masked_OneSided.uexp" 345
"../../../Engine/Content/EngineMaterials/Widget3DPassThrough_Masked.uasset" 346
"../../../Engine/Content/EngineMaterials/Widget3DPassThrough_Masked.uexp" 347
"../../../Engine/Content/EngineMaterials/WeightMapPlaceholderTexture.uasset" 348
"../../../Engine/Content/EngineMaterials/WeightMapPlaceholderTexture.uexp" 349
"../../../Engine/Content/EngineMaterials/RemoveSurfaceMaterial.uasset" 350
"../../../Engine/Content/EngineMaterials/RemoveSurfaceMaterial.uexp" 351
"../../../Engine/Content/EngineMaterials/PreintegratedSkinBRDF.uasset" 352
"../../../Engine/Content/EngineMaterials/PreintegratedSkinBRDF.uexp" 353
"../../../Engine/Content/EngineMaterials/DefaultCalibrationGrayscale.uasset" 354
"../../../Engine/Content/EngineMaterials/DefaultCalibrationGrayscale.uexp" 355
"../../../Engine/Content/EngineMaterials/PPM_DefaultCalibrationGrayscale.uasset" 356
"../../../Engine/Content/EngineMaterials/PPM_DefaultCalibrationGrayscale.uexp" 357
"../../../Engine/Content/EngineMaterials/DefaultCalibrationColor.uasset" 358
"../../../Engine/Content/EngineMaterials/DefaultCalibrationColor.uexp" 359
"../../../Engine/Content/EngineMaterials/PPM_DefaultCalibrationColor.uasset" 360
"../../../Engine/Content/EngineMaterials/PPM_DefaultCalibrationColor.uexp" 361
"../../../Engine/Content/Functions/Engine_MaterialFunctions02/WorldPositionOffset/CameraOffset.uasset" 362
"../../../Engine/Content/Functions/Engine_MaterialFunctions02/WorldPositionOffset/CameraOffset.uexp" 363
"../../../Engine/Content/EngineMaterials/PhAT_JointLimitMaterial.uasset" 364
"../../../Engine/Content/EngineMaterials/PhAT_JointLimitMaterial.uexp" 365
"../../../Engine/Content/EngineMaterials/InvalidLightmapSettings.ubulk" 366
"../../../Engine/Content/EngineMaterials/InvalidLightmapSettings.uasset" 367
"../../../Engine/Content/EngineMaterials/InvalidLightmapSettings.uexp" 368
"../../../Engine/Content/EngineMaterials/M_InvalidLightmapSettings.uasset" 369
"../../../Engine/Content/EngineMaterials/M_InvalidLightmapSettings.uexp" 370
"../../../Engine/Content/EngineMaterials/MiniFont.uasset" 371
"../../../Engine/Content/EngineMaterials/MiniFont.uexp" 372
"../../../Engine/Content/EngineMeshes/Sphere.ubulk" 373
"../../../Engine/Content/EngineMeshes/Sphere.uasset" 374
"../../../Engine/Content/EngineMeshes/Sphere.uexp" 375
"../../../Engine/Content/EngineMaterials/Good64x64TilingNoiseHighFreq.uasset" 376
"../../../Engine/Content/EngineMaterials/Good64x64TilingNoiseHighFreq.uexp" 377
"../../../Engine/Content/EngineMaterials/GizmoMaterial.uasset" 378
"../../../Engine/Content/EngineMaterials/GizmoMaterial.uexp" 379
"../../../Engine/Content/EngineMaterials/BaseFlattenEmissiveMap_VT.uasset" 380
"../../../Engine/Content/EngineMaterials/BaseFlattenEmissiveMap_VT.uexp" 381
"../../../Engine/Content/EngineMaterials/BaseFlattenGrayscaleMap_VT.uasset" 382
"../../../Engine/Content/EngineMaterials/BaseFlattenGrayscaleMap_VT.uexp" 383
"../../../Engine/Content/EngineMaterials/BaseFlattenLinearColor_VT.uasset" 384
"../../../Engine/Content/EngineMaterials/BaseFlattenLinearColor_VT.uexp" 385
"../../../Engine/Content/EngineMaterials/Black_1x1_EXR_Texture_VT.uasset" 386
"../../../Engine/Content/EngineMaterials/Black_1x1_EXR_Texture_VT.uexp" 387
"../../../Engine/Content/EngineMaterials/BaseFlattenDiffuseMap_VT.uasset" 388
"../../../Engine/Content/EngineMaterials/BaseFlattenDiffuseMap_VT.uexp" 389
"../../../Engine/Content/EngineMaterials/BaseFlattenNormalMap_VT.uasset" 390
"../../../Engine/Content/EngineMaterials/BaseFlattenNormalMap_VT.uexp" 391
"../../../Engine/Content/EngineMaterials/FlattenMaterial_WS_Normal_VT.uasset" 392
"../../../Engine/Content/EngineMaterials/FlattenMaterial_WS_Normal_VT.uexp" 393
"../../../Engine/Content/EngineMaterials/FlattenMaterial_VT.uasset" 394
"../../../Engine/Content/EngineMaterials/FlattenMaterial_VT.uexp" 395
"../../../Engine/Content/EngineMaterials/BaseFlattenNormalMap.uasset" 396
"../../../Engine/Content/EngineMaterials/BaseFlattenNormalMap.uexp" 397
"../../../Engine/Content/EngineMaterials/BaseFlattenGrayscaleMap.uasset" 398
"../../../Engine/Content/EngineMaterials/BaseFlattenGrayscaleMap.uexp" 399
"../../../Engine/Content/EngineMaterials/BaseFlattenDiffuseMap.uasset" 400
"../../../Engine/Content/EngineMaterials/BaseFlattenDiffuseMap.uexp" 401
"../../../Engine/Content/Functions/Engine_MaterialFunctions02/PivotPainter2/Black_1x1_EXR_Texture.uasset" 402
"../../../Engine/Content/Functions/Engine_MaterialFunctions02/PivotPainter2/Black_1x1_EXR_Texture.uexp" 403
"../../../Engine/Content/EngineMaterials/BaseFlattenEmissiveMap.uasset" 404
"../../../Engine/Content/EngineMaterials/BaseFlattenEmissiveMap.uexp" 405
"../../../Engine/Content/EngineMaterials/BaseFlattenLinearColor.uasset" 406
"../../../Engine/Content/EngineMaterials/BaseFlattenLinearColor.uexp" 407
"../../../Engine/Content/EngineMaterials/FlattenMaterial.uasset" 408
"../../../Engine/Content/EngineMaterials/FlattenMaterial.uexp" 409
"../../../Engine/Content/EngineMaterials/DefaultWhiteGrid_Low.uasset" 410
"../../../Engine/Content/EngineMaterials/DefaultWhiteGrid_Low.uexp" 411
"../../../Engine/Content/EngineMaterials/EmissiveMeshMaterial.uasset" 412
"../../../Engine/Content/EngineMaterials/EmissiveMeshMaterial.uexp" 413
"../../../Engine/Content/EngineMaterials/DefaultWhiteGrid.ubulk" 414
"../../../Engine/Content/EngineMaterials/DefaultWhiteGrid.uasset" 415
"../../../Engine/Content/EngineMaterials/DefaultWhiteGrid.uexp" 416
"../../../Engine/Content/EngineFonts/RobotoDistanceField.uasset" 417
"../../../Engine/Content/EngineFonts/RobotoDistanceField.uexp" 418
"../../../Engine/Content/EngineMaterials/DefaultTextMaterialOpaque.uasset" 419
"../../../Engine/Content/EngineMaterials/DefaultTextMaterialOpaque.uexp" 420
"../../../Engine/Content/EngineMaterials/DefaultDiffuse.ubulk" 421
"../../../Engine/Content/EngineMaterials/DefaultDiffuse.uasset" 422
"../../../Engine/Content/EngineMaterials/DefaultDiffuse.uexp" 423
"../../../Engine/Content/Functions/Engine_MaterialFunctions02/Utility/BreakOutFloat2Components.uasset" 424
"../../../Engine/Content/Functions/Engine_MaterialFunctions02/Utility/BreakOutFloat2Components.uexp" 425
"../../../Engine/Content/EngineMaterials/DefaultPostProcessMaterial.uasset" 426
"../../../Engine/Content/EngineMaterials/DefaultPostProcessMaterial.uexp" 427
"../../../Engine/Content/EngineMaterials/DefaultPhysicalMaterial.uasset" 428
"../../../Engine/Content/EngineMaterials/DefaultPhysicalMaterial.uexp" 429
"../../../Engine/Content/EngineMaterials/DefaultLightFunctionMaterial.uasset" 430
"../../../Engine/Content/EngineMaterials/DefaultLightFunctionMaterial.uexp" 431
"../../../Engine/Content/EngineMaterials/DefaultDestructiblePhysicalMaterial.uasset" 432
"../../../Engine/Content/EngineMaterials/DefaultDestructiblePhysicalMaterial.uexp" 433
"../../../Engine/Content/EngineMaterials/DefaultDeferredDecalMaterial.uasset" 434
"../../../Engine/Content/EngineMaterials/DefaultDeferredDecalMaterial.uexp" 435
"../../../Engine/Content/EngineMaterials/DefaultBokeh.uasset" 436
"../../../Engine/Content/EngineMaterials/DefaultBokeh.uexp" 437
"../../../Engine/Content/EngineMaterials/DefaultBloomKernel.uasset" 438
"../../../Engine/Content/EngineMaterials/DefaultBloomKernel.uexp" 439
"../../../Engine/Content/EngineMaterials/BlueNoise.uasset" 440
"../../../Engine/Content/EngineMaterials/BlueNoise.uexp" 441
"../../../Engine/Content/EngineResources/GradientTexture0.uasset" 442
"../../../Engine/Content/EngineResources/GradientTexture0.uexp" 443
"../../../Engine/Content/EngineResources/DefaultVolumeTexture2D.uasset" 444
"../../../Engine/Content/EngineResources/DefaultVolumeTexture2D.uexp" 445
"../../../Engine/Content/EngineResources/DefaultVolumeTexture.uasset" 446
"../../../Engine/Content/EngineResources/DefaultVolumeTexture.uexp" 447
"../../../Engine/Content/EngineResources/DefaultTextureCube.uasset" 448
"../../../Engine/Content/EngineResources/DefaultTextureCube.uexp" 449
"../../../Engine/Content/EngineResources/DefaultTexture.ubulk" 450
"../../../Engine/Content/EngineResources/DefaultTexture.uasset" 451
"../../../Engine/Content/EngineResources/DefaultTexture.uexp" 452
"../../../Engine/Content/EngineResources/Black.uasset" 453
"../../../Engine/Content/EngineResources/Black.uexp" 454
"../../../Engine/Content/EngineResources/FilmGrains/Marcie_Grain_v3_128_M2_000.uasset" 455
"../../../Engine/Content/EngineResources/FilmGrains/Marcie_Grain_v3_128_M2_000.uexp" 456
"../../../Engine/Content/EngineSky/T_Sky_Stars.ubulk" 457
"../../../Engine/Content/EngineSky/T_Sky_Stars.uasset" 458
"../../../Engine/Content/EngineSky/T_Sky_Stars.uexp" 459
"../../../Engine/Content/EngineSky/T_Sky_Clouds_M.ubulk" 460
"../../../Engine/Content/EngineSky/T_Sky_Clouds_M.uasset" 461
"../../../Engine/Content/EngineSky/T_Sky_Clouds_M.uexp" 462
"../../../Engine/Content/EngineSky/T_Sky_Blue.ubulk" 463
"../../../Engine/Content/EngineSky/T_Sky_Blue.uasset" 464
"../../../Engine/Content/EngineSky/T_Sky_Blue.uexp" 465
"../../../Engine/Content/EngineSky/M_Sky_Panning_Clouds2.uasset" 466
"../../../Engine/Content/EngineSky/M_Sky_Panning_Clouds2.uexp" 467
"../../../Engine/Content/EngineSky/SM_SkySphere.ubulk" 468
"../../../Engine/Content/EngineSky/SM_SkySphere.uasset" 469
"../../../Engine/Content/EngineSky/SM_SkySphere.uexp" 470
"../../../Engine/Content/EngineSky/M_SimpleSkyDome.uasset" 471
"../../../Engine/Content/EngineSky/M_SimpleSkyDome.uexp" 472
"../../../Engine/Content/EngineSky/VolumetricClouds/CloudWeatherTexture.uasset" 473
"../../../Engine/Content/EngineSky/VolumetricClouds/CloudWeatherTexture.uexp" 474
"../../../Engine/Content/Functions/Engine_MaterialFunctions02/Utility/MakeFloat2.uasset" 475
"../../../Engine/Content/Functions/Engine_MaterialFunctions02/Utility/MakeFloat2.uexp" 476
"../../../Engine/Content/EngineSky/VolumetricClouds/CloudGradientTexture.uasset" 477
"../../../Engine/Content/EngineSky/VolumetricClouds/CloudGradientTexture.uexp" 478
"../../../Engine/Content/EngineSky/VolumetricClouds/T_NoiseShape64.ubulk" 479
"../../../Engine/Content/EngineSky/VolumetricClouds/T_NoiseShape64.uasset" 480
"../../../Engine/Content/EngineSky/VolumetricClouds/T_NoiseShape64.uexp" 481
"../../../Engine/Content/EngineSky/VolumetricClouds/T_VolumeNoiseShape64.uasset" 482
"../../../Engine/Content/EngineSky/VolumetricClouds/T_VolumeNoiseShape64.uexp" 483
"../../../Engine/Content/EngineSky/VolumetricClouds/T_NoiseErosion.ubulk" 484
"../../../Engine/Content/EngineSky/VolumetricClouds/T_NoiseErosion.uasset" 485
"../../../Engine/Content/EngineSky/VolumetricClouds/T_NoiseErosion.uexp" 486
"../../../Engine/Content/EngineSky/VolumetricClouds/T_VolumeNoiseErosion32.uasset" 487
"../../../Engine/Content/EngineSky/VolumetricClouds/T_VolumeNoiseErosion32.uexp" 488
"../../../Engine/Content/EngineSky/VolumetricClouds/m_SimpleVolumetricCloud.uasset" 489
"../../../Engine/Content/EngineSky/VolumetricClouds/m_SimpleVolumetricCloud.uexp" 490
"../../../Engine/Content/EngineSky/VolumetricClouds/m_SimpleVolumetricCloud_Inst.uasset" 491
"../../../Engine/Content/EngineSky/VolumetricClouds/m_SimpleVolumetricCloud_Inst.uexp" 492
"../../../Engine/Content/EngineSounds/Master.uasset" 493
"../../../Engine/Content/EngineSounds/Master.uexp" 494
"../../../Engine/Content/Functions/Engine_MaterialFunctions01/Shading/PowerToRoughness.uasset" 495
"../../../Engine/Content/Functions/Engine_MaterialFunctions01/Shading/PowerToRoughness.uexp" 496
"../../../Engine/Content/Functions/Engine_MaterialFunctions01/Shading/ConvertFromDiffSpec.uasset" 497
"../../../Engine/Content/Functions/Engine_MaterialFunctions01/Shading/ConvertFromDiffSpec.uexp" 498
"../../../Engine/Content/MobileResources/HUD/VirtualJoystick_Background.uasset" 499
"../../../Engine/Content/MobileResources/HUD/VirtualJoystick_Background.uexp" 500
"../../../Engine/Content/MobileResources/HUD/VirtualJoystick_Thumb.uasset" 501
"../../../Engine/Content/MobileResources/HUD/VirtualJoystick_Thumb.uexp" 502
"../../../Engine/Content/MobileResources/HUD/DefaultVirtualJoysticks.uasset" 503
"../../../Engine/Content/MobileResources/HUD/DefaultVirtualJoysticks.uexp" 504
"../../../Engine/Content/Tutorial/ContentIntroCurve.uasset" 505
"../../../Engine/Content/Tutorial/ContentIntroCurve.uexp" 506
"../../../Engine/Content/VREditor/TransformGizmo/Main.uasset" 507
"../../../Engine/Content/VREditor/TransformGizmo/Main.uexp" 508
"../../../Engine/Content/VREditor/TransformGizmo/Xray.uasset" 509
"../../../Engine/Content/VREditor/TransformGizmo/Xray.uexp" 510
"../../../Engine/Content/VREditor/TransformGizmo/SM_Sequencer_Node.ubulk" 511
"../../../Engine/Content/VREditor/TransformGizmo/SM_Sequencer_Node.uasset" 512
"../../../Engine/Content/VREditor/TransformGizmo/SM_Sequencer_Node.uexp" 513
"../../../Engine/Content/VREditor/LaserPointer/VR_LaserPower_01.ubulk" 514
"../../../Engine/Content/VREditor/LaserPointer/VR_LaserPower_01.uasset" 515
"../../../Engine/Content/VREditor/LaserPointer/VR_LaserPower_01.uexp" 516
"../../../Engine/Content/VREditor/TransformGizmo/TransformGizmoMaterial.uasset" 517
"../../../Engine/Content/VREditor/TransformGizmo/TransformGizmoMaterial.uexp" 518
"../../../Engine/Content/VREditor/TransformGizmo/TranslucentTransformGizmoMaterial.uasset" 519
"../../../Engine/Content/VREditor/TransformGizmo/TranslucentTransformGizmoMaterial.uexp" 520
"../../../Engine/Content/VREditor/TransformGizmo/PlaneTranslationHandle.ubulk" 521
"../../../Engine/Content/VREditor/TransformGizmo/PlaneTranslationHandle.uasset" 522
"../../../Engine/Content/VREditor/TransformGizmo/PlaneTranslationHandle.uexp" 523
"../../../Engine/Content/VREditor/TransformGizmo/BoundingBoxEdge.ubulk" 524
"../../../Engine/Content/VREditor/TransformGizmo/BoundingBoxEdge.uasset" 525
"../../../Engine/Content/VREditor/TransformGizmo/BoundingBoxEdge.uexp" 526
"../../../Engine/Content/VREditor/TransformGizmo/BoundingBoxCorner.ubulk" 527
"../../../Engine/Content/VREditor/TransformGizmo/BoundingBoxCorner.uasset" 528
"../../../Engine/Content/VREditor/TransformGizmo/BoundingBoxCorner.uexp" 529
"../../../Engine/Plugins/2D/Paper2D/Content/PlaceholderTextures/DummySpriteTexture.ubulk" 530
"../../../Engine/Plugins/2D/Paper2D/Content/PlaceholderTextures/DummySpriteTexture.uasset" 531
"../../../Engine/Plugins/2D/Paper2D/Content/PlaceholderTextures/DummySpriteTexture.uexp" 532
"../../../Engine/Plugins/2D/Paper2D/Content/DefaultSpriteMaterial.uasset" 533
"../../../Engine/Plugins/2D/Paper2D/Content/DefaultSpriteMaterial.uexp" 534
"../../../Engine/Plugins/2D/Paper2D/Content/OpaqueUnlitSpriteMaterial.uasset" 535
"../../../Engine/Plugins/2D/Paper2D/Content/OpaqueUnlitSpriteMaterial.uexp" 536
"../../../Engine/Plugins/2D/Paper2D/Content/MaskedUnlitSpriteMaterial.uasset" 537
"../../../Engine/Plugins/2D/Paper2D/Content/MaskedUnlitSpriteMaterial.uexp" 538
"../../../Engine/Plugins/2D/Paper2D/Content/DummySprite.uasset" 539
"../../../Engine/Plugins/2D/Paper2D/Content/DummySprite.uexp" 540
"../../../Engine/Plugins/2D/Paper2D/Content/DefaultPaperTerrainMaterial.uasset" 541
"../../../Engine/Plugins/2D/Paper2D/Content/DefaultPaperTerrainMaterial.uexp" 542
"../../../Engine/Plugins/Animation/ControlRig/Content/M_Manip.uasset" 543
"../../../Engine/Plugins/Animation/ControlRig/Content/M_Manip.uexp" 544
"../../../Engine/Plugins/Animation/ControlRig/Content/Controls/DefaultGizmoLibraryNormalized.uasset" 545
"../../../Engine/Plugins/Animation/ControlRig/Content/Controls/DefaultGizmoLibraryNormalized.uexp" 546
"../../../Engine/Plugins/Animation/ControlRig/Content/Controls/ControlRig_Wedge_solid.ubulk" 547
"../../../Engine/Plugins/Animation/ControlRig/Content/Controls/ControlRig_Wedge_solid.uasset" 548
"../../../Engine/Plugins/Animation/ControlRig/Content/Controls/ControlRig_Wedge_solid.uexp" 549
"../../../Engine/Plugins/Animation/ControlRig/Content/Controls/ControlRig_Wedge_3mm.ubulk" 550
"../../../Engine/Plugins/Animation/ControlRig/Content/Controls/ControlRig_Wedge_3mm.uasset" 551
"../../../Engine/Plugins/Animation/ControlRig/Content/Controls/ControlRig_Wedge_3mm.uexp" 552
"../../../Engine/Plugins/Animation/ControlRig/Content/Controls/ControlRig_Wedge_1mm.ubulk" 553
"../../../Engine/Plugins/Animation/ControlRig/Content/Controls/ControlRig_Wedge_1mm.uasset" 554
"../../../Engine/Plugins/Animation/ControlRig/Content/Controls/ControlRig_Wedge_1mm.uexp" 555
"../../../Engine/Plugins/Animation/ControlRig/Content/Controls/ControlRig_Triangle_solid.ubulk" 556
"../../../Engine/Plugins/Animation/ControlRig/Content/Controls/ControlRig_Triangle_solid.uasset" 557
"../../../Engine/Plugins/Animation/ControlRig/Content/Controls/ControlRig_Triangle_solid.uexp" 558
"../../../Engine/Plugins/Animation/ControlRig/Content/Controls/ControlRig_Triangle_3mm.ubulk" 559
"../../../Engine/Plugins/Animation/ControlRig/Content/Controls/ControlRig_Triangle_3mm.uasset" 560
"../../../Engine/Plugins/Animation/ControlRig/Content/Controls/ControlRig_Triangle_3mm.uexp" 561
"../../../Engine/Plugins/Animation/ControlRig/Content/Controls/ControlRig_Triangle_1mm.ubulk" 562
"../../../Engine/Plugins/Animation/ControlRig/Content/Controls/ControlRig_Triangle_1mm.uasset" 563
"../../../Engine/Plugins/Animation/ControlRig/Content/Controls/ControlRig_Triangle_1mm.uexp" 564
"../../../Engine/Plugins/Animation/ControlRig/Content/Controls/ControlRig_Star4_solid.ubulk" 565
"../../../Engine/Plugins/Animation/ControlRig/Content/Controls/ControlRig_Star4_solid.uasset" 566
"../../../Engine/Plugins/Animation/ControlRig/Content/Controls/ControlRig_Star4_solid.uexp" 567
"../../../Engine/Plugins/Animation/ControlRig/Content/Controls/ControlRig_Star4_3mm.ubulk" 568
"../../../Engine/Plugins/Animation/ControlRig/Content/Controls/ControlRig_Star4_3mm.uasset" 569
"../../../Engine/Plugins/Animation/ControlRig/Content/Controls/ControlRig_Star4_3mm.uexp" 570
"../../../Engine/Plugins/Animation/ControlRig/Content/Controls/ControlRig_Star4_1mm.ubulk" 571
"../../../Engine/Plugins/Animation/ControlRig/Content/Controls/ControlRig_Star4_1mm.uasset" 572
"../../../Engine/Plugins/Animation/ControlRig/Content/Controls/ControlRig_Star4_1mm.uexp" 573
"../../../Engine/Plugins/Animation/ControlRig/Content/Controls/ControlRig_Square_solid.ubulk" 574
"../../../Engine/Plugins/Animation/ControlRig/Content/Controls/ControlRig_Square_solid.uasset" 575
"../../../Engine/Plugins/Animation/ControlRig/Content/Controls/ControlRig_Square_solid.uexp" 576
"../../../Engine/Plugins/Animation/ControlRig/Content/Controls/ControlRig_Square_3mm.ubulk" 577
"../../../Engine/Plugins/Animation/ControlRig/Content/Controls/ControlRig_Square_3mm.uasset" 578
"../../../Engine/Plugins/Animation/ControlRig/Content/Controls/ControlRig_Square_3mm.uexp" 579
"../../../Engine/Plugins/Animation/ControlRig/Content/Controls/ControlRig_Square_1mm.ubulk" 580
"../../../Engine/Plugins/Animation/ControlRig/Content/Controls/ControlRig_Square_1mm.uasset" 581
"../../../Engine/Plugins/Animation/ControlRig/Content/Controls/ControlRig_Square_1mm.uexp" 582
"../../../Engine/Plugins/Animation/ControlRig/Content/Controls/ControlRig_Sphere_solid.ubulk" 583
"../../../Engine/Plugins/Animation/ControlRig/Content/Controls/ControlRig_Sphere_solid.uasset" 584
"../../../Engine/Plugins/Animation/ControlRig/Content/Controls/ControlRig_Sphere_solid.uexp" 585
"../../../Engine/Plugins/Animation/ControlRig/Content/Controls/ControlRig_Sphere_3mm.ubulk" 586
"../../../Engine/Plugins/Animation/ControlRig/Content/Controls/ControlRig_Sphere_3mm.uasset" 587
"../../../Engine/Plugins/Animation/ControlRig/Content/Controls/ControlRig_Sphere_3mm.uexp" 588
"../../../Engine/Plugins/Animation/ControlRig/Content/Controls/ControlRig_Sphere_1mm.ubulk" 589
"../../../Engine/Plugins/Animation/ControlRig/Content/Controls/ControlRig_Sphere_1mm.uasset" 590
"../../../Engine/Plugins/Animation/ControlRig/Content/Controls/ControlRig_Sphere_1mm.uexp" 591
"../../../Engine/Plugins/Animation/ControlRig/Content/Controls/ControlRig_RoundedTriangle_solid.ubulk" 592
"../../../Engine/Plugins/Animation/ControlRig/Content/Controls/ControlRig_RoundedTriangle_solid.uasset" 593
"../../../Engine/Plugins/Animation/ControlRig/Content/Controls/ControlRig_RoundedTriangle_solid.uexp" 594
"../../../Engine/Plugins/Animation/ControlRig/Content/Controls/ControlRig_RoundedTriangle_3mm.ubulk" 595
"../../../Engine/Plugins/Animation/ControlRig/Content/Controls/ControlRig_RoundedTriangle_3mm.uasset" 596
"../../../Engine/Plugins/Animation/ControlRig/Content/Controls/ControlRig_RoundedTriangle_3mm.uexp" 597
"../../../Engine/Plugins/Animation/ControlRig/Content/Controls/ControlRig_RoundedTriangle_1mm.ubulk" 598
"../../../Engine/Plugins/Animation/ControlRig/Content/Controls/ControlRig_RoundedTriangle_1mm.uasset" 599
"../../../Engine/Plugins/Animation/ControlRig/Content/Controls/ControlRig_RoundedTriangle_1mm.uexp" 600
"../../../Engine/Plugins/Animation/ControlRig/Content/Controls/ControlRig_RoundedSquare_solid.ubulk" 601
"../../../Engine/Plugins/Animation/ControlRig/Content/Controls/ControlRig_RoundedSquare_solid.uasset" 602
"../../../Engine/Plugins/Animation/ControlRig/Content/Controls/ControlRig_RoundedSquare_solid.uexp" 603
"../../../Engine/Plugins/Animation/ControlRig/Content/Controls/ControlRig_RoundedSquare_3mm.ubulk" 604
"../../../Engine/Plugins/Animation/ControlRig/Content/Controls/ControlRig_RoundedSquare_3mm.uasset" 605
"../../../Engine/Plugins/Animation/ControlRig/Content/Controls/ControlRig_RoundedSquare_3mm.uexp" 606
"../../../Engine/Plugins/Animation/ControlRig/Content/Controls/ControlRig_RoundedSquare_1mm.ubulk" 607
"../../../Engine/Plugins/Animation/ControlRig/Content/Controls/ControlRig_RoundedSquare_1mm.uasset" 608
"../../../Engine/Plugins/Animation/ControlRig/Content/Controls/ControlRig_RoundedSquare_1mm.uexp" 609
"../../../Engine/Plugins/Animation/ControlRig/Content/Controls/ControlRig_QuarterCircle_solid.ubulk" 610
"../../../Engine/Plugins/Animation/ControlRig/Content/Controls/ControlRig_QuarterCircle_solid.uasset" 611
"../../../Engine/Plugins/Animation/ControlRig/Content/Controls/ControlRig_QuarterCircle_solid.uexp" 612
"../../../Engine/Plugins/Animation/ControlRig/Content/Controls/ControlRig_QuarterCircle_3mm.ubulk" 613
"../../../Engine/Plugins/Animation/ControlRig/Content/Controls/ControlRig_QuarterCircle_3mm.uasset" 614
"../../../Engine/Plugins/Animation/ControlRig/Content/Controls/ControlRig_QuarterCircle_3mm.uexp" 615
"../../../Engine/Plugins/Animation/ControlRig/Content/Controls/ControlRig_QuarterCircle_1mm.ubulk" 616
"../../../Engine/Plugins/Animation/ControlRig/Content/Controls/ControlRig_QuarterCircle_1mm.uasset" 617
"../../../Engine/Plugins/Animation/ControlRig/Content/Controls/ControlRig_QuarterCircle_1mm.uexp" 618
"../../../Engine/Plugins/Animation/ControlRig/Content/Controls/ControlRig_Pyramid_solid.ubulk" 619
"../../../Engine/Plugins/Animation/ControlRig/Content/Controls/ControlRig_Pyramid_solid.uasset" 620
"../../../Engine/Plugins/Animation/ControlRig/Content/Controls/ControlRig_Pyramid_solid.uexp" 621
"../../../Engine/Plugins/Animation/ControlRig/Content/Controls/ControlRig_Pyramid_3mm.ubulk" 622
"../../../Engine/Plugins/Animation/ControlRig/Content/Controls/ControlRig_Pyramid_3mm.uasset" 623
"../../../Engine/Plugins/Animation/ControlRig/Content/Controls/ControlRig_Pyramid_3mm.uexp" 624
"../../../Engine/Plugins/Animation/ControlRig/Content/Controls/ControlRig_Pyramid_1mm.ubulk" 625
"../../../Engine/Plugins/Animation/ControlRig/Content/Controls/ControlRig_Pyramid_1mm.uasset" 626
"../../../Engine/Plugins/Animation/ControlRig/Content/Controls/ControlRig_Pyramid_1mm.uexp" 627
"../../../Engine/Plugins/Animation/ControlRig/Content/Controls/ControlRig_Octagon_solid.ubulk" 628
"../../../Engine/Plugins/Animation/ControlRig/Content/Controls/ControlRig_Octagon_solid.uasset" 629
"../../../Engine/Plugins/Animation/ControlRig/Content/Controls/ControlRig_Octagon_solid.uexp" 630
"../../../Engine/Plugins/Animation/ControlRig/Content/Controls/ControlRig_Octagon_3mm.ubulk" 631
"../../../Engine/Plugins/Animation/ControlRig/Content/Controls/ControlRig_Octagon_3mm.uasset" 632
"../../../Engine/Plugins/Animation/ControlRig/Content/Controls/ControlRig_Octagon_3mm.uexp" 633
"../../../Engine/Plugins/Animation/ControlRig/Content/Controls/ControlRig_Octagon_1mm.ubulk" 634
"../../../Engine/Plugins/Animation/ControlRig/Content/Controls/ControlRig_Octagon_1mm.uasset" 635
"../../../Engine/Plugins/Animation/ControlRig/Content/Controls/ControlRig_Octagon_1mm.uexp" 636
"../../../Engine/Plugins/Animation/ControlRig/Content/Controls/ControlRig_Hexagon_solid.ubulk" 637
"../../../Engine/Plugins/Animation/ControlRig/Content/Controls/ControlRig_Hexagon_solid.uasset" 638
"../../../Engine/Plugins/Animation/ControlRig/Content/Controls/ControlRig_Hexagon_solid.uexp" 639
"../../../Engine/Plugins/Animation/ControlRig/Content/Controls/ControlRig_Hexagon_3mm.ubulk" 640
"../../../Engine/Plugins/Animation/ControlRig/Content/Controls/ControlRig_Hexagon_3mm.uasset" 641
"../../../Engine/Plugins/Animation/ControlRig/Content/Controls/ControlRig_Hexagon_3mm.uexp" 642
"../../../Engine/Plugins/Animation/ControlRig/Content/Controls/ControlRig_Hexagon_1mm.ubulk" 643
"../../../Engine/Plugins/Animation/ControlRig/Content/Controls/ControlRig_Hexagon_1mm.uasset" 644
"../../../Engine/Plugins/Animation/ControlRig/Content/Controls/ControlRig_Hexagon_1mm.uexp" 645
"../../../Engine/Plugins/Animation/ControlRig/Content/Controls/ControlRig_HalfCircle_solid.ubulk" 646
"../../../Engine/Plugins/Animation/ControlRig/Content/Controls/ControlRig_HalfCircle_solid.uasset" 647
"../../../Engine/Plugins/Animation/ControlRig/Content/Controls/ControlRig_HalfCircle_solid.uexp" 648
"../../../Engine/Plugins/Animation/ControlRig/Content/Controls/ControlRig_HalfCircle_3mm.ubulk" 649
"../../../Engine/Plugins/Animation/ControlRig/Content/Controls/ControlRig_HalfCircle_3mm.uasset" 650
"../../../Engine/Plugins/Animation/ControlRig/Content/Controls/ControlRig_HalfCircle_3mm.uexp" 651
"../../../Engine/Plugins/Animation/ControlRig/Content/Controls/ControlRig_HalfCircle_1mm.ubulk" 652
"../../../Engine/Plugins/Animation/ControlRig/Content/Controls/ControlRig_HalfCircle_1mm.uasset" 653
"../../../Engine/Plugins/Animation/ControlRig/Content/Controls/ControlRig_HalfCircle_1mm.uexp" 654
"../../../Engine/Plugins/Animation/ControlRig/Content/Controls/ControlRig_Diamond_solid.ubulk" 655
"../../../Engine/Plugins/Animation/ControlRig/Content/Controls/ControlRig_Diamond_solid.uasset" 656
"../../../Engine/Plugins/Animation/ControlRig/Content/Controls/ControlRig_Diamond_solid.uexp" 657
"../../../Engine/Plugins/Animation/ControlRig/Content/Controls/ControlRig_Diamond_3mm.ubulk" 658
"../../../Engine/Plugins/Animation/ControlRig/Content/Controls/ControlRig_Diamond_3mm.uasset" 659
"../../../Engine/Plugins/Animation/ControlRig/Content/Controls/ControlRig_Diamond_3mm.uexp" 660
"../../../Engine/Plugins/Animation/ControlRig/Content/Controls/ControlRig_Diamond_1mm.ubulk" 661
"../../../Engine/Plugins/Animation/ControlRig/Content/Controls/ControlRig_Diamond_1mm.uasset" 662
"../../../Engine/Plugins/Animation/ControlRig/Content/Controls/ControlRig_Diamond_1mm.uexp" 663
"../../../Engine/Plugins/Animation/ControlRig/Content/Controls/ControlRig_Circle_solid.ubulk" 664
"../../../Engine/Plugins/Animation/ControlRig/Content/Controls/ControlRig_Circle_solid.uasset" 665
"../../../Engine/Plugins/Animation/ControlRig/Content/Controls/ControlRig_Circle_solid.uexp" 666
"../../../Engine/Plugins/Animation/ControlRig/Content/Controls/ControlRig_Circle_3mm.ubulk" 667
"../../../Engine/Plugins/Animation/ControlRig/Content/Controls/ControlRig_Circle_3mm.uasset" 668
"../../../Engine/Plugins/Animation/ControlRig/Content/Controls/ControlRig_Circle_3mm.uexp" 669
"../../../Engine/Plugins/Animation/ControlRig/Content/Controls/ControlRig_Circle_1mm.ubulk" 670
"../../../Engine/Plugins/Animation/ControlRig/Content/Controls/ControlRig_Circle_1mm.uasset" 671
"../../../Engine/Plugins/Animation/ControlRig/Content/Controls/ControlRig_Circle_1mm.uexp" 672
"../../../Engine/Plugins/Animation/ControlRig/Content/Controls/ControlRig_Box_solid.ubulk" 673
"../../../Engine/Plugins/Animation/ControlRig/Content/Controls/ControlRig_Box_solid.uasset" 674
"../../../Engine/Plugins/Animation/ControlRig/Content/Controls/ControlRig_Box_solid.uexp" 675
"../../../Engine/Plugins/Animation/ControlRig/Content/Controls/ControlRig_Box_3mm.ubulk" 676
"../../../Engine/Plugins/Animation/ControlRig/Content/Controls/ControlRig_Box_3mm.uasset" 677
"../../../Engine/Plugins/Animation/ControlRig/Content/Controls/ControlRig_Box_3mm.uexp" 678
"../../../Engine/Plugins/Animation/ControlRig/Content/Controls/ControlRig_Box_1mm.ubulk" 679
"../../../Engine/Plugins/Animation/ControlRig/Content/Controls/ControlRig_Box_1mm.uasset" 680
"../../../Engine/Plugins/Animation/ControlRig/Content/Controls/ControlRig_Box_1mm.uexp" 681
"../../../Engine/Plugins/Animation/ControlRig/Content/Controls/ControlRig_Arrow_solid.ubulk" 682
"../../../Engine/Plugins/Animation/ControlRig/Content/Controls/ControlRig_Arrow_solid.uasset" 683
"../../../Engine/Plugins/Animation/ControlRig/Content/Controls/ControlRig_Arrow_solid.uexp" 684
"../../../Engine/Plugins/Animation/ControlRig/Content/Controls/ControlRig_Arrow_3mm.ubulk" 685
"../../../Engine/Plugins/Animation/ControlRig/Content/Controls/ControlRig_Arrow_3mm.uasset" 686
"../../../Engine/Plugins/Animation/ControlRig/Content/Controls/ControlRig_Arrow_3mm.uexp" 687
"../../../Engine/Plugins/Animation/ControlRig/Content/Controls/ControlRig_Arrow_1mm.ubulk" 688
"../../../Engine/Plugins/Animation/ControlRig/Content/Controls/ControlRig_Arrow_1mm.uasset" 689
"../../../Engine/Plugins/Animation/ControlRig/Content/Controls/ControlRig_Arrow_1mm.uexp" 690
"../../../Engine/Plugins/Animation/ControlRig/Content/Controls/ControlRig_Arrow4_solid.ubulk" 691
"../../../Engine/Plugins/Animation/ControlRig/Content/Controls/ControlRig_Arrow4_solid.uasset" 692
"../../../Engine/Plugins/Animation/ControlRig/Content/Controls/ControlRig_Arrow4_solid.uexp" 693
"../../../Engine/Plugins/Animation/ControlRig/Content/Controls/ControlRig_Arrow4_3mm.ubulk" 694
"../../../Engine/Plugins/Animation/ControlRig/Content/Controls/ControlRig_Arrow4_3mm.uasset" 695
"../../../Engine/Plugins/Animation/ControlRig/Content/Controls/ControlRig_Arrow4_3mm.uexp" 696
"../../../Engine/Plugins/Animation/ControlRig/Content/Controls/ControlRig_Arrow4_1mm.ubulk" 697
"../../../Engine/Plugins/Animation/ControlRig/Content/Controls/ControlRig_Arrow4_1mm.uasset" 698
"../../../Engine/Plugins/Animation/ControlRig/Content/Controls/ControlRig_Arrow4_1mm.uexp" 699
"../../../Engine/Plugins/Animation/ControlRig/Content/Controls/ControlRig_Arrow2_solid.ubulk" 700
"../../../Engine/Plugins/Animation/ControlRig/Content/Controls/ControlRig_Arrow2_solid.uasset" 701
"../../../Engine/Plugins/Animation/ControlRig/Content/Controls/ControlRig_Arrow2_solid.uexp" 702
"../../../Engine/Plugins/Animation/ControlRig/Content/Controls/ControlRig_Arrow2_3mm.ubulk" 703
"../../../Engine/Plugins/Animation/ControlRig/Content/Controls/ControlRig_Arrow2_3mm.uasset" 704
"../../../Engine/Plugins/Animation/ControlRig/Content/Controls/ControlRig_Arrow2_3mm.uexp" 705
"../../../Engine/Plugins/Animation/ControlRig/Content/Controls/ControlRig_Arrow2_1mm.ubulk" 706
"../../../Engine/Plugins/Animation/ControlRig/Content/Controls/ControlRig_Arrow2_1mm.uasset" 707
"../../../Engine/Plugins/Animation/ControlRig/Content/Controls/ControlRig_Arrow2_1mm.uexp" 708
"../../../Engine/Plugins/Animation/ControlRig/Content/Controls/ControlRigGizmoMaterial.uasset" 709
"../../../Engine/Plugins/Animation/ControlRig/Content/Controls/ControlRigGizmoMaterial.uexp" 710
"../../../Engine/Plugins/Editor/SpeedTreeImporter/Content/SpeedTree9/game_wind_noise.ubulk" 711
"../../../Engine/Plugins/Editor/SpeedTreeImporter/Content/SpeedTree9/game_wind_noise.uasset" 712
"../../../Engine/Plugins/Editor/SpeedTreeImporter/Content/SpeedTree9/game_wind_noise.uexp" 713
"../../../Engine/Plugins/Editor/SpeedTreeImporter/Content/SpeedTree9/UnpackDirection.uasset" 714
"../../../Engine/Plugins/Editor/SpeedTreeImporter/Content/SpeedTree9/UnpackDirection.uexp" 715
"../../../Engine/Content/Functions/Engine_MaterialFunctions02/ObjectLocalBounds.uasset" 716
"../../../Engine/Content/Functions/Engine_MaterialFunctions02/ObjectLocalBounds.uexp" 717
"../../../Engine/Content/Functions/Engine_MaterialFunctions02/UVs/BoundingBoxBased_0-1_UVW.uasset" 718
"../../../Engine/Content/Functions/Engine_MaterialFunctions02/UVs/BoundingBoxBased_0-1_UVW.uexp" 719
"../../../Engine/Content/Functions/Engine_MaterialFunctions02/Utility/VectorLength.uasset" 720
"../../../Engine/Content/Functions/Engine_MaterialFunctions02/Utility/VectorLength.uexp" 721
"../../../Engine/Plugins/Editor/SpeedTreeImporter/Content/SpeedTree9/UnpackInteger3.uasset" 722
"../../../Engine/Plugins/Editor/SpeedTreeImporter/Content/SpeedTree9/UnpackInteger3.uexp" 723
"../../../Engine/Plugins/Editor/SpeedTreeImporter/Content/SpeedTree9/SpeedTreeCameraFacing.uasset" 724
"../../../Engine/Plugins/Editor/SpeedTreeImporter/Content/SpeedTree9/SpeedTreeCameraFacing.uexp" 725
"../../../Engine/Content/Functions/Engine_MaterialFunctions02/WorldPositionOffset/ObjectScale.uasset" 726
"../../../Engine/Content/Functions/Engine_MaterialFunctions02/WorldPositionOffset/ObjectScale.uexp" 727
"../../../Engine/Content/Functions/Engine_MaterialFunctions02/SafeNormalize.uasset" 728
"../../../Engine/Content/Functions/Engine_MaterialFunctions02/SafeNormalize.uexp" 729
"../../../Engine/Plugins/Editor/SpeedTreeImporter/Content/SpeedTree9/SpeedTreeWindMotion.uasset" 730
"../../../Engine/Plugins/Editor/SpeedTreeImporter/Content/SpeedTree9/SpeedTreeWindMotion.uexp" 731
"../../../Engine/Plugins/Editor/SpeedTreeImporter/Content/SpeedTree9/SpeedTreeBranchMotion.uasset" 732
"../../../Engine/Plugins/Editor/SpeedTreeImporter/Content/SpeedTree9/SpeedTreeBranchMotion.uexp" 733
"../../../Engine/Plugins/Editor/SpeedTreeImporter/Content/SpeedTree9/SpeedTreeWind.uasset" 734
"../../../Engine/Plugins/Editor/SpeedTreeImporter/Content/SpeedTree9/SpeedTreeWind.uexp" 735
"../../../Engine/Plugins/Editor/SpeedTreeImporter/Content/SpeedTree9/EmptyNormal.uasset" 736
"../../../Engine/Plugins/Editor/SpeedTreeImporter/Content/SpeedTree9/EmptyNormal.uexp" 737
"../../../Engine/Plugins/Editor/SpeedTreeImporter/Content/SpeedTree9/Empty.uasset" 738
"../../../Engine/Plugins/Editor/SpeedTreeImporter/Content/SpeedTree9/Empty.uexp" 739
"../../../Engine/Plugins/Editor/SpeedTreeImporter/Content/SpeedTree9/SpeedTreeMaster.uasset" 740
"../../../Engine/Plugins/Editor/SpeedTreeImporter/Content/SpeedTree9/SpeedTreeMaster.uexp" 741
"../../../Engine/Plugins/Editor/SpeedTreeImporter/Content/SpeedTree9/SpeedTreeBillboard.uasset" 742
"../../../Engine/Plugins/Editor/SpeedTreeImporter/Content/SpeedTree9/SpeedTreeBillboard.uexp" 743
"../../../Engine/Plugins/Editor/SpeedTreeImporter/Content/SpeedTree9/SpeedTreeBillboardMaster.uasset" 744
"../../../Engine/Plugins/Editor/SpeedTreeImporter/Content/SpeedTree9/SpeedTreeBillboardMaster.uexp" 745
"../../../Engine/Plugins/Runtime/HairStrands/Content/Materials/HairMeshesDefaultMaterial.uasset" 746
"../../../Engine/Plugins/Runtime/HairStrands/Content/Materials/HairMeshesDefaultMaterial.uexp" 747
"../../../Engine/Plugins/Runtime/HairStrands/Content/Materials/HairDefaultMaterial.uasset" 748
"../../../Engine/Plugins/Runtime/HairStrands/Content/Materials/HairDefaultMaterial.uexp" 749
"../../../Engine/Plugins/Runtime/HairStrands/Content/Materials/HairGroupColors.uasset" 750
"../../../Engine/Plugins/Runtime/HairStrands/Content/Materials/HairGroupColors.uexp" 751
"../../../Engine/Content/EngineMaterials/HairColorMap.uasset" 752
"../../../Engine/Content/EngineMaterials/HairColorMap.uexp" 753
"../../../Engine/Content/EngineMaterials/HairDebugColor.uasset" 754
"../../../Engine/Content/EngineMaterials/HairDebugColor.uexp" 755
"../../../Engine/Plugins/Runtime/HairStrands/Content/Materials/HairDebugMaterial.uasset" 756
"../../../Engine/Plugins/Runtime/HairStrands/Content/Materials/HairDebugMaterial.uexp" 757
"../../../Engine/Plugins/Runtime/HairStrands/Content/Materials/HairCardsDefaultMaterial.uasset" 758
"../../../Engine/Plugins/Runtime/HairStrands/Content/Materials/HairCardsDefaultMaterial.uexp" 759
"C:/Users/Richi/OneDrive/Documentos/Unreal Projects/Moviles/Content/MainMenu/Blueprints/MainMenuPC.uasset" 760
"C:/Users/Richi/OneDrive/Documentos/Unreal Projects/Moviles/Content/MainMenu/Blueprints/MainMenuPC.uexp" 761
"C:/Users/Richi/OneDrive/Documentos/Unreal Projects/Moviles/Content/MainMenu/Blueprints/MainMenuPawn.uasset" 762
"C:/Users/Richi/OneDrive/Documentos/Unreal Projects/Moviles/Content/MainMenu/Blueprints/MainMenuPawn.uexp" 763
"C:/Users/Richi/OneDrive/Documentos/Unreal Projects/Moviles/Content/MainMenu/Blueprints/MainMenuGM.uasset" 764
"C:/Users/Richi/OneDrive/Documentos/Unreal Projects/Moviles/Content/MainMenu/Blueprints/MainMenuGM.uexp" 765
"C:/Users/Richi/OneDrive/Documentos/Unreal Projects/Moviles/Content/MainMenu/Blueprints/MainMenuWB.uasset" 766
"C:/Users/Richi/OneDrive/Documentos/Unreal Projects/Moviles/Content/MainMenu/Blueprints/MainMenuWB.uexp" 767
"C:/Users/Richi/OneDrive/Documentos/Unreal Projects/Moviles/Content/MainMenu/MainMenuLevel.uexp" 768
"C:/Users/Richi/OneDrive/Documentos/Unreal Projects/Moviles/Content/MainMenu/MainMenuLevel.umap" 769
"C:/Users/Richi/OneDrive/Documentos/Unreal Projects/Moviles/Content/FirstPerson/Blueprints/BP_FirstPersonGameMode.uasset" 770
"C:/Users/Richi/OneDrive/Documentos/Unreal Projects/Moviles/Content/FirstPerson/Blueprints/BP_FirstPersonGameMode.uexp" 771
"../../../Engine/Content/Maps/Templates/HLODs/HLODLayer_Instanced.uasset" 772
"../../../Engine/Content/Maps/Templates/HLODs/HLODLayer_Instanced.uexp" 773
"C:/Users/Richi/OneDrive/Documentos/Unreal Projects/Moviles/Content/FirstPerson/Maps/FirstPersonMap.uexp" 774
"C:/Users/Richi/OneDrive/Documentos/Unreal Projects/Moviles/Content/FirstPerson/Maps/FirstPersonMap.umap" 775
"../../../Engine/Content/Maps/Entry_BuiltData.uasset" 776
"../../../Engine/Content/Maps/Entry_BuiltData.uexp" 777
"../../../Engine/Content/Maps/Entry.uexp" 778
"../../../Engine/Content/Maps/Entry.umap" 779
